<?xml version="1.0" encoding="UTF-8"?>
<!-- Generated by org.testng.reporters.JUnitReportReporter -->
<testsuite skipped="0" hostname="MilanHP-PC" name="tests.TestLogin" tests="5" failures="0" timestamp="03 Aug 2018 12:12:47 GMT" time="20.903" errors="0">
  <testcase name="withoutEmail" time="7.552" classname="tests.TestLogin"/>
  <testcase name="withoutPassword" time="7.115" classname="tests.TestLogin"/>
  <testcase name="incorrectEmail" time="2.285" classname="tests.TestLogin"/>
  <testcase name="incorrectPassword" time="2.246" classname="tests.TestLogin"/>
  <testcase name="successfulLogin" time="1.705" classname="tests.TestLogin"/>
</testsuite> <!-- tests.TestLogin -->
